C:\USERS\ROHAN\DOCUMENTS\VISUAL STUDIO 2010\PROJECTS\OPSWAT_PROB_A6\DEBUG\OPSWAT_PROB_A6.EXE
C:\USERS\ROHAN\DOCUMENTS\VISUAL STUDIO 2010\PROJECTS\OPSWAT_PROB_A6\DEBUG\OPSWAT_PROB_A6.ILK
C:\USERS\ROHAN\DOCUMENTS\VISUAL STUDIO 2010\PROJECTS\OPSWAT_PROB_A6\DEBUG\OPSWAT_PROB_A6.PDB
c:\Users\Rohan\documents\visual studio 2010\Projects\opswat_prob_A6\opswat_prob_A6\Debug\cl.command.1.tlog
c:\Users\Rohan\documents\visual studio 2010\Projects\opswat_prob_A6\opswat_prob_A6\Debug\CL.read.1.tlog
c:\Users\Rohan\documents\visual studio 2010\Projects\opswat_prob_A6\opswat_prob_A6\Debug\CL.write.1.tlog
C:\USERS\ROHAN\DOCUMENTS\VISUAL STUDIO 2010\PROJECTS\OPSWAT_PROB_A6\OPSWAT_PROB_A6\DEBUG\CYCLESINPERMUTATION.OBJ
c:\Users\Rohan\documents\visual studio 2010\Projects\opswat_prob_A6\opswat_prob_A6\Debug\link.7388.read.1.tlog
c:\Users\Rohan\documents\visual studio 2010\Projects\opswat_prob_A6\opswat_prob_A6\Debug\link.7388.write.1.tlog
c:\Users\Rohan\documents\visual studio 2010\Projects\opswat_prob_A6\opswat_prob_A6\Debug\link.7388-cvtres.read.1.tlog
c:\Users\Rohan\documents\visual studio 2010\Projects\opswat_prob_A6\opswat_prob_A6\Debug\link.7388-cvtres.write.1.tlog
c:\Users\Rohan\documents\visual studio 2010\Projects\opswat_prob_A6\opswat_prob_A6\Debug\link.command.1.tlog
c:\Users\Rohan\documents\visual studio 2010\Projects\opswat_prob_A6\opswat_prob_A6\Debug\link.read.1.tlog
c:\Users\Rohan\documents\visual studio 2010\Projects\opswat_prob_A6\opswat_prob_A6\Debug\link.write.1.tlog
c:\Users\Rohan\documents\visual studio 2010\Projects\opswat_prob_A6\opswat_prob_A6\Debug\link-cvtres.read.1.tlog
c:\Users\Rohan\documents\visual studio 2010\Projects\opswat_prob_A6\opswat_prob_A6\Debug\link-cvtres.write.1.tlog
c:\Users\Rohan\documents\visual studio 2010\Projects\opswat_prob_A6\opswat_prob_A6\Debug\mt.command.1.tlog
c:\Users\Rohan\documents\visual studio 2010\Projects\opswat_prob_A6\opswat_prob_A6\Debug\mt.read.1.tlog
c:\Users\Rohan\documents\visual studio 2010\Projects\opswat_prob_A6\opswat_prob_A6\Debug\mt.write.1.tlog
C:\USERS\ROHAN\DOCUMENTS\VISUAL STUDIO 2010\PROJECTS\OPSWAT_PROB_A6\OPSWAT_PROB_A6\DEBUG\OPSWAT_PROB_A6.EXE.EMBED.MANIFEST
C:\USERS\ROHAN\DOCUMENTS\VISUAL STUDIO 2010\PROJECTS\OPSWAT_PROB_A6\OPSWAT_PROB_A6\DEBUG\OPSWAT_PROB_A6.EXE.EMBED.MANIFEST.RES
C:\USERS\ROHAN\DOCUMENTS\VISUAL STUDIO 2010\PROJECTS\OPSWAT_PROB_A6\OPSWAT_PROB_A6\DEBUG\OPSWAT_PROB_A6.EXE.INTERMEDIATE.MANIFEST
C:\USERS\ROHAN\DOCUMENTS\VISUAL STUDIO 2010\PROJECTS\OPSWAT_PROB_A6\OPSWAT_PROB_A6\DEBUG\OPSWAT_PROB_A6.OBJ
C:\USERS\ROHAN\DOCUMENTS\VISUAL STUDIO 2010\PROJECTS\OPSWAT_PROB_A6\OPSWAT_PROB_A6\DEBUG\OPSWAT_PROB_A6.PCH
c:\Users\Rohan\documents\visual studio 2010\Projects\opswat_prob_A6\opswat_prob_A6\Debug\opswat_prob_A6.write.1.tlog
c:\Users\Rohan\documents\visual studio 2010\Projects\opswat_prob_A6\opswat_prob_A6\Debug\opswat_prob_A6_manifest.rc
c:\Users\Rohan\documents\visual studio 2010\Projects\opswat_prob_A6\opswat_prob_A6\Debug\rc.command.1.tlog
c:\Users\Rohan\documents\visual studio 2010\Projects\opswat_prob_A6\opswat_prob_A6\Debug\rc.read.1.tlog
c:\Users\Rohan\documents\visual studio 2010\Projects\opswat_prob_A6\opswat_prob_A6\Debug\rc.write.1.tlog
C:\USERS\ROHAN\DOCUMENTS\VISUAL STUDIO 2010\PROJECTS\OPSWAT_PROB_A6\OPSWAT_PROB_A6\DEBUG\STDAFX.OBJ
c:\Users\Rohan\documents\visual studio 2010\Projects\opswat_prob_A6\opswat_prob_A6\Debug\vc100.idb
C:\USERS\ROHAN\DOCUMENTS\VISUAL STUDIO 2010\PROJECTS\OPSWAT_PROB_A6\OPSWAT_PROB_A6\DEBUG\VC100.PDB
