C:\USERS\ROHAN\DOCUMENTS\VISUAL STUDIO 2010\PROJECTS\OPSWAT_PROBLEM_B\DEBUG\OPSWAT_PROBLEM_B.EXE
C:\USERS\ROHAN\DOCUMENTS\VISUAL STUDIO 2010\PROJECTS\OPSWAT_PROBLEM_B\DEBUG\OPSWAT_PROBLEM_B.ILK
C:\USERS\ROHAN\DOCUMENTS\VISUAL STUDIO 2010\PROJECTS\OPSWAT_PROBLEM_B\DEBUG\OPSWAT_PROBLEM_B.PDB
c:\Users\Rohan\documents\visual studio 2010\Projects\opswat_problem_B\opswat_problem_B\Debug\cl.command.1.tlog
c:\Users\Rohan\documents\visual studio 2010\Projects\opswat_problem_B\opswat_problem_B\Debug\CL.read.1.tlog
c:\Users\Rohan\documents\visual studio 2010\Projects\opswat_problem_B\opswat_problem_B\Debug\CL.write.1.tlog
c:\Users\Rohan\documents\visual studio 2010\Projects\opswat_problem_B\opswat_problem_B\Debug\link.10020.read.1.tlog
c:\Users\Rohan\documents\visual studio 2010\Projects\opswat_problem_B\opswat_problem_B\Debug\link.10020.write.1.tlog
c:\Users\Rohan\documents\visual studio 2010\Projects\opswat_problem_B\opswat_problem_B\Debug\link.10020-cvtres.read.1.tlog
c:\Users\Rohan\documents\visual studio 2010\Projects\opswat_problem_B\opswat_problem_B\Debug\link.10020-cvtres.write.1.tlog
c:\Users\Rohan\documents\visual studio 2010\Projects\opswat_problem_B\opswat_problem_B\Debug\link.command.1.tlog
c:\Users\Rohan\documents\visual studio 2010\Projects\opswat_problem_B\opswat_problem_B\Debug\link.read.1.tlog
c:\Users\Rohan\documents\visual studio 2010\Projects\opswat_problem_B\opswat_problem_B\Debug\link.write.1.tlog
c:\Users\Rohan\documents\visual studio 2010\Projects\opswat_problem_B\opswat_problem_B\Debug\link-cvtres.read.1.tlog
c:\Users\Rohan\documents\visual studio 2010\Projects\opswat_problem_B\opswat_problem_B\Debug\link-cvtres.write.1.tlog
c:\Users\Rohan\documents\visual studio 2010\Projects\opswat_problem_B\opswat_problem_B\Debug\mt.command.1.tlog
c:\Users\Rohan\documents\visual studio 2010\Projects\opswat_problem_B\opswat_problem_B\Debug\mt.read.1.tlog
c:\Users\Rohan\documents\visual studio 2010\Projects\opswat_problem_B\opswat_problem_B\Debug\mt.write.1.tlog
C:\USERS\ROHAN\DOCUMENTS\VISUAL STUDIO 2010\PROJECTS\OPSWAT_PROBLEM_B\OPSWAT_PROBLEM_B\DEBUG\OPSWAT_PROBLEM_B.EXE.EMBED.MANIFEST
C:\USERS\ROHAN\DOCUMENTS\VISUAL STUDIO 2010\PROJECTS\OPSWAT_PROBLEM_B\OPSWAT_PROBLEM_B\DEBUG\OPSWAT_PROBLEM_B.EXE.EMBED.MANIFEST.RES
C:\USERS\ROHAN\DOCUMENTS\VISUAL STUDIO 2010\PROJECTS\OPSWAT_PROBLEM_B\OPSWAT_PROBLEM_B\DEBUG\OPSWAT_PROBLEM_B.EXE.INTERMEDIATE.MANIFEST
C:\USERS\ROHAN\DOCUMENTS\VISUAL STUDIO 2010\PROJECTS\OPSWAT_PROBLEM_B\OPSWAT_PROBLEM_B\DEBUG\OPSWAT_PROBLEM_B.OBJ
C:\USERS\ROHAN\DOCUMENTS\VISUAL STUDIO 2010\PROJECTS\OPSWAT_PROBLEM_B\OPSWAT_PROBLEM_B\DEBUG\OPSWAT_PROBLEM_B.PCH
c:\Users\Rohan\documents\visual studio 2010\Projects\opswat_problem_B\opswat_problem_B\Debug\opswat_problem_B.write.1.tlog
c:\Users\Rohan\documents\visual studio 2010\Projects\opswat_problem_B\opswat_problem_B\Debug\opswat_problem_B_manifest.rc
c:\Users\Rohan\documents\visual studio 2010\Projects\opswat_problem_B\opswat_problem_B\Debug\rc.command.1.tlog
c:\Users\Rohan\documents\visual studio 2010\Projects\opswat_problem_B\opswat_problem_B\Debug\rc.read.1.tlog
c:\Users\Rohan\documents\visual studio 2010\Projects\opswat_problem_B\opswat_problem_B\Debug\rc.write.1.tlog
C:\USERS\ROHAN\DOCUMENTS\VISUAL STUDIO 2010\PROJECTS\OPSWAT_PROBLEM_B\OPSWAT_PROBLEM_B\DEBUG\SCHEDULESTRENGTH.OBJ
C:\USERS\ROHAN\DOCUMENTS\VISUAL STUDIO 2010\PROJECTS\OPSWAT_PROBLEM_B\OPSWAT_PROBLEM_B\DEBUG\STDAFX.OBJ
c:\Users\Rohan\documents\visual studio 2010\Projects\opswat_problem_B\opswat_problem_B\Debug\vc100.idb
C:\USERS\ROHAN\DOCUMENTS\VISUAL STUDIO 2010\PROJECTS\OPSWAT_PROBLEM_B\OPSWAT_PROBLEM_B\DEBUG\VC100.PDB
