C:\USERS\ROHAN\DOCUMENTS\VISUAL STUDIO 2010\PROJECTS\PRINTPASSWORD\DEBUG\PRINTPASSWORD.EXE
C:\USERS\ROHAN\DOCUMENTS\VISUAL STUDIO 2010\PROJECTS\PRINTPASSWORD\DEBUG\PRINTPASSWORD.ILK
C:\USERS\ROHAN\DOCUMENTS\VISUAL STUDIO 2010\PROJECTS\PRINTPASSWORD\DEBUG\PRINTPASSWORD.PDB
c:\Users\Rohan\documents\visual studio 2010\Projects\printPassword\printPassword\Debug\cl.command.1.tlog
c:\Users\Rohan\documents\visual studio 2010\Projects\printPassword\printPassword\Debug\CL.read.1.tlog
c:\Users\Rohan\documents\visual studio 2010\Projects\printPassword\printPassword\Debug\CL.write.1.tlog
c:\Users\Rohan\documents\visual studio 2010\Projects\printPassword\printPassword\Debug\link.10160.read.1.tlog
c:\Users\Rohan\documents\visual studio 2010\Projects\printPassword\printPassword\Debug\link.10160.write.1.tlog
c:\Users\Rohan\documents\visual studio 2010\Projects\printPassword\printPassword\Debug\link.10160-cvtres.read.1.tlog
c:\Users\Rohan\documents\visual studio 2010\Projects\printPassword\printPassword\Debug\link.10160-cvtres.write.1.tlog
c:\Users\Rohan\documents\visual studio 2010\Projects\printPassword\printPassword\Debug\link.command.1.tlog
c:\Users\Rohan\documents\visual studio 2010\Projects\printPassword\printPassword\Debug\link.read.1.tlog
c:\Users\Rohan\documents\visual studio 2010\Projects\printPassword\printPassword\Debug\link.write.1.tlog
c:\Users\Rohan\documents\visual studio 2010\Projects\printPassword\printPassword\Debug\link-cvtres.read.1.tlog
c:\Users\Rohan\documents\visual studio 2010\Projects\printPassword\printPassword\Debug\link-cvtres.write.1.tlog
c:\Users\Rohan\documents\visual studio 2010\Projects\printPassword\printPassword\Debug\mt.command.1.tlog
c:\Users\Rohan\documents\visual studio 2010\Projects\printPassword\printPassword\Debug\mt.read.1.tlog
c:\Users\Rohan\documents\visual studio 2010\Projects\printPassword\printPassword\Debug\mt.write.1.tlog
C:\USERS\ROHAN\DOCUMENTS\VISUAL STUDIO 2010\PROJECTS\PRINTPASSWORD\PRINTPASSWORD\DEBUG\PRINTPASSWORD.EXE.EMBED.MANIFEST
C:\USERS\ROHAN\DOCUMENTS\VISUAL STUDIO 2010\PROJECTS\PRINTPASSWORD\PRINTPASSWORD\DEBUG\PRINTPASSWORD.EXE.EMBED.MANIFEST.RES
C:\USERS\ROHAN\DOCUMENTS\VISUAL STUDIO 2010\PROJECTS\PRINTPASSWORD\PRINTPASSWORD\DEBUG\PRINTPASSWORD.EXE.INTERMEDIATE.MANIFEST
C:\USERS\ROHAN\DOCUMENTS\VISUAL STUDIO 2010\PROJECTS\PRINTPASSWORD\PRINTPASSWORD\DEBUG\PRINTPASSWORD.OBJ
C:\USERS\ROHAN\DOCUMENTS\VISUAL STUDIO 2010\PROJECTS\PRINTPASSWORD\PRINTPASSWORD\DEBUG\PRINTPASSWORD.PCH
c:\Users\Rohan\documents\visual studio 2010\Projects\printPassword\printPassword\Debug\printPassword.write.1.tlog
c:\Users\Rohan\documents\visual studio 2010\Projects\printPassword\printPassword\Debug\printPassword_manifest.rc
c:\Users\Rohan\documents\visual studio 2010\Projects\printPassword\printPassword\Debug\rc.command.1.tlog
c:\Users\Rohan\documents\visual studio 2010\Projects\printPassword\printPassword\Debug\rc.read.1.tlog
c:\Users\Rohan\documents\visual studio 2010\Projects\printPassword\printPassword\Debug\rc.write.1.tlog
C:\USERS\ROHAN\DOCUMENTS\VISUAL STUDIO 2010\PROJECTS\PRINTPASSWORD\PRINTPASSWORD\DEBUG\STDAFX.OBJ
c:\Users\Rohan\documents\visual studio 2010\Projects\printPassword\printPassword\Debug\vc100.idb
C:\USERS\ROHAN\DOCUMENTS\VISUAL STUDIO 2010\PROJECTS\PRINTPASSWORD\PRINTPASSWORD\DEBUG\VC100.PDB
